0 info it worked if it ends with ok
1 verbose cli [ 'node', '/usr/local/bin/npm', 'publish' ]
2 info using npm@1.3.11
3 info using node@v0.10.21
4 verbose publish [ '.' ]
5 verbose cache add [ '.', null ]
6 verbose cache add name=undefined spec="." args=[".",null]
7 verbose parsed url { protocol: null,
7 verbose parsed url   slashes: null,
7 verbose parsed url   auth: null,
7 verbose parsed url   host: null,
7 verbose parsed url   port: null,
7 verbose parsed url   hostname: null,
7 verbose parsed url   hash: null,
7 verbose parsed url   search: null,
7 verbose parsed url   query: null,
7 verbose parsed url   pathname: '.',
7 verbose parsed url   path: '.',
7 verbose parsed url   href: '.' }
8 silly lockFile 3a52ce78- .
9 verbose lock . /Users/sunwenjun5111/.npm/3a52ce78-.lock
10 verbose tar pack [ '/Users/sunwenjun5111/tmp/npm-55524-2WPExVkl/1395907631144-0.8165671227034181/tmp.tgz',
10 verbose tar pack   '.' ]
11 verbose tarball /Users/sunwenjun5111/tmp/npm-55524-2WPExVkl/1395907631144-0.8165671227034181/tmp.tgz
12 verbose folder .
13 silly lockFile 1f1177db-tar tar://.
14 verbose lock tar://. /Users/sunwenjun5111/.npm/1f1177db-tar.lock
15 silly lockFile bf1c22c8-31144-0-8165671227034181-tmp-tgz tar:///Users/sunwenjun5111/tmp/npm-55524-2WPExVkl/1395907631144-0.8165671227034181/tmp.tgz
16 verbose lock tar:///Users/sunwenjun5111/tmp/npm-55524-2WPExVkl/1395907631144-0.8165671227034181/tmp.tgz /Users/sunwenjun5111/.npm/bf1c22c8-31144-0-8165671227034181-tmp-tgz.lock
17 silly lockFile 1f1177db-tar tar://.
18 silly lockFile 1f1177db-tar tar://.
19 silly lockFile bf1c22c8-31144-0-8165671227034181-tmp-tgz tar:///Users/sunwenjun5111/tmp/npm-55524-2WPExVkl/1395907631144-0.8165671227034181/tmp.tgz
20 silly lockFile bf1c22c8-31144-0-8165671227034181-tmp-tgz tar:///Users/sunwenjun5111/tmp/npm-55524-2WPExVkl/1395907631144-0.8165671227034181/tmp.tgz
21 verbose tar unpack /Users/sunwenjun5111/tmp/npm-55524-2WPExVkl/1395907631144-0.8165671227034181/tmp.tgz
22 silly lockFile 60f6a6f9-31144-0-8165671227034181-package tar:///Users/sunwenjun5111/tmp/npm-55524-2WPExVkl/1395907631144-0.8165671227034181/package
23 verbose lock tar:///Users/sunwenjun5111/tmp/npm-55524-2WPExVkl/1395907631144-0.8165671227034181/package /Users/sunwenjun5111/.npm/60f6a6f9-31144-0-8165671227034181-package.lock
24 silly lockFile bf1c22c8-31144-0-8165671227034181-tmp-tgz tar:///Users/sunwenjun5111/tmp/npm-55524-2WPExVkl/1395907631144-0.8165671227034181/tmp.tgz
25 verbose lock tar:///Users/sunwenjun5111/tmp/npm-55524-2WPExVkl/1395907631144-0.8165671227034181/tmp.tgz /Users/sunwenjun5111/.npm/bf1c22c8-31144-0-8165671227034181-tmp-tgz.lock
26 silly gunzTarPerm modes [ '755', '644' ]
27 silly gunzTarPerm extractEntry package.json
28 silly gunzTarPerm extractEntry README.md
29 silly gunzTarPerm extractEntry index.js
30 silly gunzTarPerm extractEntry lib/alipay.js
31 silly gunzTarPerm extractEntry lib/alipay_core.function.js
32 silly gunzTarPerm extractEntry lib/alipay_md5.function.js
33 silly gunzTarPerm extractEntry lib/alipay_notify.class.js
34 silly gunzTarPerm extractEntry lib/alipay_rsa.function.js
35 silly gunzTarPerm extractEntry lib/alipay_submit.class.js
36 silly gunzTarPerm extractEntry test/package.json
37 silly gunzTarPerm extractEntry test/alipay_config.js
38 silly gunzTarPerm extractEntry test/app.js
39 silly gunzTarPerm extractEntry test/public/images/alipay.gif
40 silly gunzTarPerm extractEntry test/public/images/new-btn-fixed.png
41 silly gunzTarPerm extractEntry test/public/stylesheets/style.css
42 silly gunzTarPerm extractEntry test/routes/alipaydemo.js
43 silly gunzTarPerm extractEntry test/views/create_direct_bankpay_by_user.ejs
44 silly gunzTarPerm extractEntry test/views/create_direct_pay_by_user.ejs
45 silly gunzTarPerm extractEntry test/views/create_partner_trade_by_buyer.ejs
46 silly gunzTarPerm extractEntry test/views/index.ejs
47 silly gunzTarPerm extractEntry test/views/refund_fastpay_by_platform_pwd.ejs
48 silly gunzTarPerm extractEntry test/views/send_goods_confirm_by_platform.ejs
49 silly gunzTarPerm extractEntry test/views/trade_create_by_buyer.ejs
50 silly lockFile 60f6a6f9-31144-0-8165671227034181-package tar:///Users/sunwenjun5111/tmp/npm-55524-2WPExVkl/1395907631144-0.8165671227034181/package
51 silly lockFile 60f6a6f9-31144-0-8165671227034181-package tar:///Users/sunwenjun5111/tmp/npm-55524-2WPExVkl/1395907631144-0.8165671227034181/package
52 silly lockFile bf1c22c8-31144-0-8165671227034181-tmp-tgz tar:///Users/sunwenjun5111/tmp/npm-55524-2WPExVkl/1395907631144-0.8165671227034181/tmp.tgz
53 silly lockFile bf1c22c8-31144-0-8165671227034181-tmp-tgz tar:///Users/sunwenjun5111/tmp/npm-55524-2WPExVkl/1395907631144-0.8165671227034181/tmp.tgz
54 verbose tar pack [ '/Users/sunwenjun5111/.npm/myalipay/0.0.4/package.tgz',
54 verbose tar pack   '/Users/sunwenjun5111/tmp/npm-55524-2WPExVkl/1395907631144-0.8165671227034181/package' ]
55 verbose tarball /Users/sunwenjun5111/.npm/myalipay/0.0.4/package.tgz
56 verbose folder /Users/sunwenjun5111/tmp/npm-55524-2WPExVkl/1395907631144-0.8165671227034181/package
57 silly lockFile 60f6a6f9-31144-0-8165671227034181-package tar:///Users/sunwenjun5111/tmp/npm-55524-2WPExVkl/1395907631144-0.8165671227034181/package
58 verbose lock tar:///Users/sunwenjun5111/tmp/npm-55524-2WPExVkl/1395907631144-0.8165671227034181/package /Users/sunwenjun5111/.npm/60f6a6f9-31144-0-8165671227034181-package.lock
59 silly lockFile 8b2e3d0d-1-npm-myalipay-0-0-4-package-tgz tar:///Users/sunwenjun5111/.npm/myalipay/0.0.4/package.tgz
60 verbose lock tar:///Users/sunwenjun5111/.npm/myalipay/0.0.4/package.tgz /Users/sunwenjun5111/.npm/8b2e3d0d-1-npm-myalipay-0-0-4-package-tgz.lock
61 silly lockFile 60f6a6f9-31144-0-8165671227034181-package tar:///Users/sunwenjun5111/tmp/npm-55524-2WPExVkl/1395907631144-0.8165671227034181/package
62 silly lockFile 60f6a6f9-31144-0-8165671227034181-package tar:///Users/sunwenjun5111/tmp/npm-55524-2WPExVkl/1395907631144-0.8165671227034181/package
63 silly lockFile 8b2e3d0d-1-npm-myalipay-0-0-4-package-tgz tar:///Users/sunwenjun5111/.npm/myalipay/0.0.4/package.tgz
64 silly lockFile 8b2e3d0d-1-npm-myalipay-0-0-4-package-tgz tar:///Users/sunwenjun5111/.npm/myalipay/0.0.4/package.tgz
65 silly lockFile 5ef9bab1-n5111-npm-myalipay-0-0-4-package /Users/sunwenjun5111/.npm/myalipay/0.0.4/package
66 verbose lock /Users/sunwenjun5111/.npm/myalipay/0.0.4/package /Users/sunwenjun5111/.npm/5ef9bab1-n5111-npm-myalipay-0-0-4-package.lock
67 silly lockFile 5ef9bab1-n5111-npm-myalipay-0-0-4-package /Users/sunwenjun5111/.npm/myalipay/0.0.4/package
68 silly lockFile 5ef9bab1-n5111-npm-myalipay-0-0-4-package /Users/sunwenjun5111/.npm/myalipay/0.0.4/package
69 verbose tar unpack /Users/sunwenjun5111/.npm/myalipay/0.0.4/package.tgz
70 silly lockFile 1af228a9-n5111-npm-myalipay-0-0-4-package tar:///Users/sunwenjun5111/.npm/myalipay/0.0.4/package
71 verbose lock tar:///Users/sunwenjun5111/.npm/myalipay/0.0.4/package /Users/sunwenjun5111/.npm/1af228a9-n5111-npm-myalipay-0-0-4-package.lock
72 silly lockFile 8b2e3d0d-1-npm-myalipay-0-0-4-package-tgz tar:///Users/sunwenjun5111/.npm/myalipay/0.0.4/package.tgz
73 verbose lock tar:///Users/sunwenjun5111/.npm/myalipay/0.0.4/package.tgz /Users/sunwenjun5111/.npm/8b2e3d0d-1-npm-myalipay-0-0-4-package-tgz.lock
74 silly gunzTarPerm modes [ '755', '644' ]
75 silly gunzTarPerm extractEntry package.json
76 silly gunzTarPerm extractEntry README.md
77 silly gunzTarPerm extractEntry index.js
78 silly gunzTarPerm extractEntry lib/alipay.js
79 silly gunzTarPerm extractEntry lib/alipay_core.function.js
80 silly gunzTarPerm extractEntry lib/alipay_md5.function.js
81 silly gunzTarPerm extractEntry lib/alipay_notify.class.js
82 silly gunzTarPerm extractEntry lib/alipay_rsa.function.js
83 silly gunzTarPerm extractEntry lib/alipay_submit.class.js
84 silly gunzTarPerm extractEntry test/package.json
85 silly gunzTarPerm extractEntry test/alipay_config.js
86 silly gunzTarPerm extractEntry test/app.js
87 silly gunzTarPerm extractEntry test/public/images/alipay.gif
88 silly gunzTarPerm extractEntry test/public/images/new-btn-fixed.png
89 silly gunzTarPerm extractEntry test/public/stylesheets/style.css
90 silly gunzTarPerm extractEntry test/routes/alipaydemo.js
91 silly gunzTarPerm extractEntry test/views/create_direct_bankpay_by_user.ejs
92 silly gunzTarPerm extractEntry test/views/create_direct_pay_by_user.ejs
93 silly gunzTarPerm extractEntry test/views/create_partner_trade_by_buyer.ejs
94 silly gunzTarPerm extractEntry test/views/index.ejs
95 silly gunzTarPerm extractEntry test/views/refund_fastpay_by_platform_pwd.ejs
96 silly gunzTarPerm extractEntry test/views/send_goods_confirm_by_platform.ejs
97 silly gunzTarPerm extractEntry test/views/trade_create_by_buyer.ejs
98 silly lockFile 1af228a9-n5111-npm-myalipay-0-0-4-package tar:///Users/sunwenjun5111/.npm/myalipay/0.0.4/package
99 silly lockFile 1af228a9-n5111-npm-myalipay-0-0-4-package tar:///Users/sunwenjun5111/.npm/myalipay/0.0.4/package
100 silly lockFile 8b2e3d0d-1-npm-myalipay-0-0-4-package-tgz tar:///Users/sunwenjun5111/.npm/myalipay/0.0.4/package.tgz
101 silly lockFile 8b2e3d0d-1-npm-myalipay-0-0-4-package-tgz tar:///Users/sunwenjun5111/.npm/myalipay/0.0.4/package.tgz
102 verbose chmod /Users/sunwenjun5111/.npm/myalipay/0.0.4/package.tgz 644
103 verbose chown /Users/sunwenjun5111/.npm/myalipay/0.0.4/package.tgz [ 501, 20 ]
104 silly lockFile 3a52ce78- .
105 silly lockFile 3a52ce78- .
106 silly publish { name: 'myalipay',
106 silly publish   description: 'alipay api',
106 silly publish   author: { name: 'dengdonglin' },
106 silly publish   version: '0.0.4',
106 silly publish   repository: { type: 'git', url: 'https://github.com/lodengo/alipay.git' },
106 silly publish   main: 'index.js',
106 silly publish   dependencies: { xmldom: '0.1.13' },
106 silly publish   bugs: { url: 'https://github.com/lodengo/alipay/issues' },
106 silly publish   dist: { shasum: 'ab47266670120f74160d3cf219f1ca05d8af86e2' },
106 silly publish   _from: '.',
106 silly publish   _resolved: 'https://registry.npmjs.org/alipay/-/alipay-0.0.4.tgz',
106 silly publish   directories: { test: 'test' },
106 silly publish   devDependencies: {},
106 silly publish   scripts: { test: 'echo "Error: no test specified" && exit 1' },
106 silly publish   license: 'BSD-2-Clause',
106 silly publish   readme: 'node js 封装实现支付宝商家收款产品api\n包括担保交易收款，即时到帐收款， 双功能收款，网银支付，即时到账批量退款，支付宝确认发货等\n\n用法\n1.npm install alipay\n2.cd test\n3.npm install \n4.node app\n5.http://localhost:3000\n\n代码说明：\nalipay_config.js设置参数\napp.js中 require(\'./alipay_config\').alipay.route(app); 设置了支付宝通知路由\nalipaydemo.js中使用事件处理交易状态等\n\n依赖：\nexpress, xmldom\n',
106 silly publish   readmeFilename: 'README.md',
106 silly publish   _id: 'myalipay@0.0.4' }
107 verbose url raw myalipay
108 verbose url resolving [ 'http://registry.cnpmjs.org/', './myalipay' ]
109 verbose url resolved http://registry.cnpmjs.org/myalipay
110 info trying registry request attempt 1 at 16:07:11
111 http PUT http://registry.cnpmjs.org/myalipay
112 http 403 http://registry.cnpmjs.org/myalipay
113 info trying registry request attempt 1 at 16:07:20
114 http PUT http://registry.cnpmjs.org/myalipay
115 http 403 http://registry.cnpmjs.org/myalipay
116 error publish Failed PUT response 403
117 error Error: no_perms Private mode enable, only admin can publish this module: myalipay
117 error     at RegClient.<anonymous> (/usr/local/lib/node_modules/npm/node_modules/npm-registry-client/lib/request.js:272:14)
117 error     at Request.self.callback (/usr/local/lib/node_modules/npm/node_modules/request/request.js:129:22)
117 error     at Request.EventEmitter.emit (events.js:98:17)
117 error     at Request.<anonymous> (/usr/local/lib/node_modules/npm/node_modules/request/request.js:873:14)
117 error     at Request.EventEmitter.emit (events.js:117:20)
117 error     at IncomingMessage.<anonymous> (/usr/local/lib/node_modules/npm/node_modules/request/request.js:824:12)
117 error     at IncomingMessage.EventEmitter.emit (events.js:117:20)
117 error     at _stream_readable.js:920:16
117 error     at process._tickCallback (node.js:415:13)
118 error If you need help, you may report this log at:
118 error     <http://github.com/isaacs/npm/issues>
118 error or email it to:
118 error     <npm-@googlegroups.com>
119 error System Darwin 13.1.0
120 error command "node" "/usr/local/bin/npm" "publish"
121 error cwd /Users/sunwenjun5111/Dev/JS/txyapp/node_modules/alipay
122 error node -v v0.10.21
123 error npm -v 1.3.11
124 verbose exit [ 1, true ]
